0 verbose cli /usr/bin/node /usr/local/bin/npm
1 info using npm@10.2.3
2 info using node@v20.11.0
3 timing npm:load:whichnode Completed in 1ms
4 timing config:load:defaults Completed in 2ms
5 timing config:load:file:/usr/local/lib/node_modules/npm/npmrc Completed in 0ms
6 timing config:load:builtin Completed in 1ms
7 timing config:load:cli Completed in 5ms
8 timing config:load:env Completed in 0ms
9 timing config:load:file:/home/freemi/Desktop/FreEMITech/RectNative/TaxQ/.npmrc Completed in 0ms
10 timing config:load:project Completed in 2ms
11 timing config:load:file:/home/freemi/.npmrc Completed in 0ms
12 timing config:load:user Completed in 0ms
13 timing config:load:file:/usr/etc/npmrc Completed in 1ms
14 timing config:load:global Completed in 1ms
15 timing config:load:setEnvs Completed in 1ms
16 timing config:load Completed in 13ms
17 timing npm:load:configload Completed in 14ms
18 timing config:load:flatten Completed in 4ms
19 timing npm:load:mkdirpcache Completed in 10ms
20 timing npm:load:mkdirplogs Completed in 1ms
21 verbose title npm start
22 verbose argv "start" "--cache" "clean"
23 timing npm:load:setTitle Completed in 1ms
24 timing npm:load:display Completed in 1ms
25 verbose logfile logs-max:10 dir:/home/freemi/Desktop/FreEMITech/RectNative/TaxQ/clean/_logs/2024-01-11T07_39_09_946Z-
26 verbose logfile /home/freemi/Desktop/FreEMITech/RectNative/TaxQ/clean/_logs/2024-01-11T07_39_09_946Z-debug-0.log
27 timing npm:load:logFile Completed in 16ms
28 timing npm:load:timers Completed in 0ms
29 timing npm:load:configScope Completed in 0ms
30 timing npm:load Completed in 68ms
31 silly logfile done cleaning log files
32 http fetch GET 200 https://registry.npmjs.org/npm 343ms (cache miss)
33 http fetch GET 200 https://registry.npmjs.org/npm 413ms (cache miss)
34 timing command:run-script Completed in 9055126ms
35 timing command:start Completed in 9055150ms
36 notice
36 notice New [33mminor[39m version of npm available! [31m10.2.3[39m -> [32m10.3.0[39m
36 notice Changelog: [36mhttps://github.com/npm/cli/releases/tag/v10.3.0[39m
36 notice Run [32mnpm install -g npm@10.3.0[39m to update!
36 notice
37 verbose exit 0
38 timing npm Completed in 9055269ms
39 info ok
