0 verbose cli /usr/bin/node /usr/local/bin/npm
1 info using npm@10.2.3
2 info using node@v20.11.1
3 timing npm:load:whichnode Completed in 17ms
4 timing config:load:defaults Completed in 4ms
5 timing config:load:file:/usr/local/lib/node_modules/npm/npmrc Completed in 5ms
6 timing config:load:builtin Completed in 5ms
7 timing config:load:cli Completed in 15ms
8 timing config:load:env Completed in 1ms
9 timing config:load:file:/home/freemi/Desktop/FreEMITech/RectNative/TaxQ/.npmrc Completed in 1ms
10 timing config:load:project Completed in 16ms
11 timing config:load:file:/home/freemi/.npmrc Completed in 4ms
12 timing config:load:user Completed in 4ms
13 timing config:load:file:/usr/etc/npmrc Completed in 5ms
14 timing config:load:global Completed in 11ms
15 timing config:load:setEnvs Completed in 2ms
16 timing config:load Completed in 59ms
17 timing npm:load:configload Completed in 60ms
18 timing config:load:flatten Completed in 7ms
19 timing npm:load:mkdirpcache Completed in 1ms
20 timing npm:load:mkdirplogs Completed in 2ms
21 verbose title npm start
22 verbose argv "start" "--cache" "clean"
23 timing npm:load:setTitle Completed in 1ms
24 timing npm:load:display Completed in 2ms
25 verbose logfile logs-max:10 dir:/home/freemi/Desktop/FreEMITech/RectNative/TaxQ/clean/_logs/2024-02-15T06_59_56_892Z-
26 verbose logfile /home/freemi/Desktop/FreEMITech/RectNative/TaxQ/clean/_logs/2024-02-15T06_59_56_892Z-debug-0.log
27 timing npm:load:logFile Completed in 25ms
28 timing npm:load:timers Completed in 0ms
29 timing npm:load:configScope Completed in 0ms
30 timing npm:load Completed in 217ms
31 silly logfile start cleaning logs, removing 1 files
32 silly logfile done cleaning log files
33 timing command:run-script Completed in 623ms
34 timing command:start Completed in 647ms
35 verbose exit 1
36 timing npm Completed in 1013ms
37 verbose code 1
