0 verbose cli /usr/bin/node /usr/local/lib/node_modules/npm/bin/npm-cli.js
1 info using npm@10.2.3
2 info using node@v20.11.0
3 timing npm:load:whichnode Completed in 3ms
4 timing config:load:defaults Completed in 6ms
5 timing config:load:file:/usr/local/lib/node_modules/npm/npmrc Completed in 43ms
6 timing config:load:builtin Completed in 43ms
7 timing config:load:cli Completed in 4ms
8 timing config:load:env Completed in 1ms
9 timing config:load:file:/home/freemi/Desktop/FreEMITech/RectNative/TaxQ/.npmrc Completed in 0ms
10 timing config:load:project Completed in 1ms
11 timing config:load:file:/home/freemi/.npmrc Completed in 1ms
12 timing config:load:user Completed in 1ms
13 timing config:load:file:/usr/etc/npmrc Completed in 37ms
14 timing config:load:global Completed in 37ms
15 timing config:load:setEnvs Completed in 1ms
16 timing config:load Completed in 95ms
17 timing npm:load:configload Completed in 95ms
18 timing config:load:flatten Completed in 4ms
19 timing npm:load:mkdirpcache Completed in 0ms
20 timing npm:load:mkdirplogs Completed in 0ms
21 verbose title npm exec react-native run-android
22 verbose argv "exec" "--" "react-native" "run-android"
23 timing npm:load:setTitle Completed in 0ms
24 timing npm:load:display Completed in 1ms
25 verbose logfile logs-max:10 dir:/home/freemi/Desktop/FreEMITech/RectNative/TaxQ/clean/_logs/2024-01-17T12_25_42_551Z-
26 verbose logfile /home/freemi/Desktop/FreEMITech/RectNative/TaxQ/clean/_logs/2024-01-17T12_25_42_551Z-debug-0.log
27 timing npm:load:logFile Completed in 19ms
28 timing npm:load:timers Completed in 0ms
29 timing npm:load:configScope Completed in 0ms
30 timing npm:load Completed in 174ms
31 silly logfile start cleaning logs, removing 1 files
32 silly logfile done cleaning log files
33 timing command:exec Completed in 52923ms
34 verbose exit 0
35 timing npm Completed in 53503ms
36 info ok
